[2025-08-07T13:17:09.438+0000] {taskinstance.py:1956} INFO - Dependencies all met for dep_context=non-requeueable deps ti=<TaskInstance: fake_data_dag.generate_fake_data scheduled__2025-08-06T00:00:00+00:00 [queued]>
[2025-08-07T13:17:09.443+0000] {taskinstance.py:1956} INFO - Dependencies all met for dep_context=requeueable deps ti=<TaskInstance: fake_data_dag.generate_fake_data scheduled__2025-08-06T00:00:00+00:00 [queued]>
[2025-08-07T13:17:09.443+0000] {taskinstance.py:2170} INFO - Starting attempt 1 of 1
[2025-08-07T13:17:09.451+0000] {taskinstance.py:2191} INFO - Executing <Task(PythonOperator): generate_fake_data> on 2025-08-06 00:00:00+00:00
[2025-08-07T13:17:09.455+0000] {standard_task_runner.py:60} INFO - Started process 209 to run task
[2025-08-07T13:17:09.456+0000] {standard_task_runner.py:87} INFO - Running: ['airflow', 'tasks', 'run', 'fake_data_dag', 'generate_fake_data', 'scheduled__2025-08-06T00:00:00+00:00', '--job-id', '3', '--raw', '--subdir', 'DAGS_FOLDER/generate_fake_data_dag.py', '--cfg-path', '/tmp/tmphbfpwf6j']
[2025-08-07T13:17:09.458+0000] {standard_task_runner.py:88} INFO - Job 3: Subtask generate_fake_data
[2025-08-07T13:17:09.495+0000] {task_command.py:423} INFO - Running <TaskInstance: fake_data_dag.generate_fake_data scheduled__2025-08-06T00:00:00+00:00 [running]> on host d2ad33052563
[2025-08-07T13:17:09.563+0000] {taskinstance.py:2480} INFO - Exporting env vars: AIRFLOW_CTX_DAG_OWNER='airflow' AIRFLOW_CTX_DAG_ID='fake_data_dag' AIRFLOW_CTX_TASK_ID='generate_fake_data' AIRFLOW_CTX_EXECUTION_DATE='2025-08-06T00:00:00+00:00' AIRFLOW_CTX_TRY_NUMBER='1' AIRFLOW_CTX_DAG_RUN_ID='scheduled__2025-08-06T00:00:00+00:00'
[2025-08-07T13:17:09.596+0000] {python.py:201} INFO - Done. Returned value was: None
[2025-08-07T13:17:09.605+0000] {taskinstance.py:1138} INFO - Marking task as SUCCESS. dag_id=fake_data_dag, task_id=generate_fake_data, execution_date=20250806T000000, start_date=20250807T131709, end_date=20250807T131709
[2025-08-07T13:17:09.628+0000] {local_task_job_runner.py:234} INFO - Task exited with return code 0
[2025-08-07T13:17:09.641+0000] {taskinstance.py:3280} INFO - 0 downstream tasks scheduled from follow-on schedule check
[2025-08-07T15:59:54.696+0000] {taskinstance.py:1956} INFO - Dependencies all met for dep_context=non-requeueable deps ti=<TaskInstance: fake_data_dag.generate_fake_data scheduled__2025-08-06T00:00:00+00:00 [queued]>
[2025-08-07T15:59:54.701+0000] {taskinstance.py:1956} INFO - Dependencies all met for dep_context=requeueable deps ti=<TaskInstance: fake_data_dag.generate_fake_data scheduled__2025-08-06T00:00:00+00:00 [queued]>
[2025-08-07T15:59:54.701+0000] {taskinstance.py:2170} INFO - Starting attempt 1 of 1
[2025-08-07T15:59:54.709+0000] {taskinstance.py:2191} INFO - Executing <Task(PythonOperator): generate_fake_data> on 2025-08-06 00:00:00+00:00
[2025-08-07T15:59:54.712+0000] {standard_task_runner.py:60} INFO - Started process 305 to run task
[2025-08-07T15:59:54.714+0000] {standard_task_runner.py:87} INFO - Running: ['airflow', 'tasks', 'run', 'fake_data_dag', 'generate_fake_data', 'scheduled__2025-08-06T00:00:00+00:00', '--job-id', '3', '--raw', '--subdir', 'DAGS_FOLDER/generate_fake_data_dag.py', '--cfg-path', '/tmp/tmppxkncg0k']
[2025-08-07T15:59:54.715+0000] {standard_task_runner.py:88} INFO - Job 3: Subtask generate_fake_data
[2025-08-07T15:59:54.752+0000] {task_command.py:423} INFO - Running <TaskInstance: fake_data_dag.generate_fake_data scheduled__2025-08-06T00:00:00+00:00 [running]> on host 6643a9160750
[2025-08-07T15:59:54.811+0000] {taskinstance.py:2480} INFO - Exporting env vars: AIRFLOW_CTX_DAG_OWNER='airflow' AIRFLOW_CTX_DAG_ID='fake_data_dag' AIRFLOW_CTX_TASK_ID='generate_fake_data' AIRFLOW_CTX_EXECUTION_DATE='2025-08-06T00:00:00+00:00' AIRFLOW_CTX_TRY_NUMBER='1' AIRFLOW_CTX_DAG_RUN_ID='scheduled__2025-08-06T00:00:00+00:00'
[2025-08-07T15:59:54.836+0000] {python.py:201} INFO - Done. Returned value was: None
[2025-08-07T15:59:54.843+0000] {taskinstance.py:1138} INFO - Marking task as SUCCESS. dag_id=fake_data_dag, task_id=generate_fake_data, execution_date=20250806T000000, start_date=20250807T155954, end_date=20250807T155954
[2025-08-07T15:59:54.886+0000] {local_task_job_runner.py:234} INFO - Task exited with return code 0
[2025-08-07T15:59:54.897+0000] {taskinstance.py:3280} INFO - 0 downstream tasks scheduled from follow-on schedule check
