[2025-08-08T02:51:17.485+0000] {processor.py:161} INFO - Started process (PID=171) to work on /opt/airflow/dags/generate_fake_data_dag.py
[2025-08-08T02:51:17.485+0000] {processor.py:830} INFO - Processing file /opt/airflow/dags/generate_fake_data_dag.py for tasks to queue
[2025-08-08T02:51:17.486+0000] {logging_mixin.py:188} INFO - [2025-08-08T02:51:17.486+0000] {dagbag.py:538} INFO - Filling up the DagBag from /opt/airflow/dags/generate_fake_data_dag.py
[2025-08-08T02:51:17.583+0000] {processor.py:840} INFO - DAG(s) 'fake_data_dag' retrieved from /opt/airflow/dags/generate_fake_data_dag.py
[2025-08-08T02:51:17.762+0000] {logging_mixin.py:188} INFO - [2025-08-08T02:51:17.761+0000] {override.py:1769} INFO - Created Permission View: can edit on DAG:fake_data_dag
[2025-08-08T02:51:17.770+0000] {logging_mixin.py:188} INFO - [2025-08-08T02:51:17.769+0000] {override.py:1769} INFO - Created Permission View: can delete on DAG:fake_data_dag
[2025-08-08T02:51:17.775+0000] {logging_mixin.py:188} INFO - [2025-08-08T02:51:17.775+0000] {override.py:1769} INFO - Created Permission View: can read on DAG:fake_data_dag
[2025-08-08T02:51:17.775+0000] {logging_mixin.py:188} INFO - [2025-08-08T02:51:17.775+0000] {dag.py:3036} INFO - Sync 1 DAGs
[2025-08-08T02:51:17.782+0000] {logging_mixin.py:188} INFO - [2025-08-08T02:51:17.782+0000] {dag.py:3058} INFO - Creating ORM DAG for fake_data_dag
[2025-08-08T02:51:17.789+0000] {logging_mixin.py:188} INFO - [2025-08-08T02:51:17.789+0000] {dag.py:3823} INFO - Setting next_dagrun for fake_data_dag to 2025-08-07 00:00:00+00:00, run_after=2025-08-08 00:00:00+00:00
[2025-08-08T02:51:17.799+0000] {processor.py:183} INFO - Processing /opt/airflow/dags/generate_fake_data_dag.py took 0.316 seconds
[2025-08-08T02:51:47.908+0000] {processor.py:161} INFO - Started process (PID=177) to work on /opt/airflow/dags/generate_fake_data_dag.py
[2025-08-08T02:51:47.912+0000] {processor.py:830} INFO - Processing file /opt/airflow/dags/generate_fake_data_dag.py for tasks to queue
[2025-08-08T02:51:47.913+0000] {logging_mixin.py:188} INFO - [2025-08-08T02:51:47.913+0000] {dagbag.py:538} INFO - Filling up the DagBag from /opt/airflow/dags/generate_fake_data_dag.py
[2025-08-08T02:51:47.951+0000] {processor.py:840} INFO - DAG(s) 'fake_data_dag' retrieved from /opt/airflow/dags/generate_fake_data_dag.py
[2025-08-08T02:51:47.968+0000] {logging_mixin.py:188} INFO - [2025-08-08T02:51:47.968+0000] {dag.py:3036} INFO - Sync 1 DAGs
[2025-08-08T02:51:47.980+0000] {logging_mixin.py:188} INFO - [2025-08-08T02:51:47.980+0000] {dag.py:3823} INFO - Setting next_dagrun for fake_data_dag to 2025-08-07 00:00:00+00:00, run_after=2025-08-08 00:00:00+00:00
[2025-08-08T02:51:47.993+0000] {processor.py:183} INFO - Processing /opt/airflow/dags/generate_fake_data_dag.py took 0.086 seconds
[2025-08-08T02:52:18.067+0000] {processor.py:161} INFO - Started process (PID=182) to work on /opt/airflow/dags/generate_fake_data_dag.py
[2025-08-08T02:52:18.067+0000] {processor.py:830} INFO - Processing file /opt/airflow/dags/generate_fake_data_dag.py for tasks to queue
[2025-08-08T02:52:18.068+0000] {logging_mixin.py:188} INFO - [2025-08-08T02:52:18.068+0000] {dagbag.py:538} INFO - Filling up the DagBag from /opt/airflow/dags/generate_fake_data_dag.py
[2025-08-08T02:52:18.107+0000] {processor.py:840} INFO - DAG(s) 'fake_data_dag' retrieved from /opt/airflow/dags/generate_fake_data_dag.py
[2025-08-08T02:52:18.124+0000] {logging_mixin.py:188} INFO - [2025-08-08T02:52:18.124+0000] {dag.py:3036} INFO - Sync 1 DAGs
[2025-08-08T02:52:18.137+0000] {logging_mixin.py:188} INFO - [2025-08-08T02:52:18.137+0000] {dag.py:3823} INFO - Setting next_dagrun for fake_data_dag to 2025-08-07 00:00:00+00:00, run_after=2025-08-08 00:00:00+00:00
[2025-08-08T02:52:18.154+0000] {processor.py:183} INFO - Processing /opt/airflow/dags/generate_fake_data_dag.py took 0.088 seconds
[2025-08-08T02:52:48.297+0000] {processor.py:161} INFO - Started process (PID=187) to work on /opt/airflow/dags/generate_fake_data_dag.py
[2025-08-08T02:52:48.304+0000] {processor.py:830} INFO - Processing file /opt/airflow/dags/generate_fake_data_dag.py for tasks to queue
[2025-08-08T02:52:48.307+0000] {logging_mixin.py:188} INFO - [2025-08-08T02:52:48.306+0000] {dagbag.py:538} INFO - Filling up the DagBag from /opt/airflow/dags/generate_fake_data_dag.py
[2025-08-08T02:52:48.348+0000] {processor.py:840} INFO - DAG(s) 'fake_data_dag' retrieved from /opt/airflow/dags/generate_fake_data_dag.py
[2025-08-08T02:52:48.363+0000] {logging_mixin.py:188} INFO - [2025-08-08T02:52:48.362+0000] {dag.py:3036} INFO - Sync 1 DAGs
[2025-08-08T02:52:48.375+0000] {logging_mixin.py:188} INFO - [2025-08-08T02:52:48.374+0000] {dag.py:3823} INFO - Setting next_dagrun for fake_data_dag to 2025-08-07 00:00:00+00:00, run_after=2025-08-08 00:00:00+00:00
[2025-08-08T02:52:48.386+0000] {processor.py:183} INFO - Processing /opt/airflow/dags/generate_fake_data_dag.py took 0.090 seconds
[2025-08-08T02:53:18.490+0000] {processor.py:161} INFO - Started process (PID=192) to work on /opt/airflow/dags/generate_fake_data_dag.py
[2025-08-08T02:53:18.497+0000] {processor.py:830} INFO - Processing file /opt/airflow/dags/generate_fake_data_dag.py for tasks to queue
[2025-08-08T02:53:18.499+0000] {logging_mixin.py:188} INFO - [2025-08-08T02:53:18.498+0000] {dagbag.py:538} INFO - Filling up the DagBag from /opt/airflow/dags/generate_fake_data_dag.py
[2025-08-08T02:53:18.539+0000] {processor.py:840} INFO - DAG(s) 'fake_data_dag' retrieved from /opt/airflow/dags/generate_fake_data_dag.py
[2025-08-08T02:53:18.554+0000] {logging_mixin.py:188} INFO - [2025-08-08T02:53:18.553+0000] {dag.py:3036} INFO - Sync 1 DAGs
[2025-08-08T02:53:18.567+0000] {logging_mixin.py:188} INFO - [2025-08-08T02:53:18.566+0000] {dag.py:3823} INFO - Setting next_dagrun for fake_data_dag to 2025-08-07 00:00:00+00:00, run_after=2025-08-08 00:00:00+00:00
[2025-08-08T02:53:18.583+0000] {processor.py:183} INFO - Processing /opt/airflow/dags/generate_fake_data_dag.py took 0.095 seconds
[2025-08-08T02:53:48.709+0000] {processor.py:161} INFO - Started process (PID=197) to work on /opt/airflow/dags/generate_fake_data_dag.py
[2025-08-08T02:53:48.715+0000] {processor.py:830} INFO - Processing file /opt/airflow/dags/generate_fake_data_dag.py for tasks to queue
[2025-08-08T02:53:48.716+0000] {logging_mixin.py:188} INFO - [2025-08-08T02:53:48.716+0000] {dagbag.py:538} INFO - Filling up the DagBag from /opt/airflow/dags/generate_fake_data_dag.py
[2025-08-08T02:53:48.754+0000] {processor.py:840} INFO - DAG(s) 'fake_data_dag' retrieved from /opt/airflow/dags/generate_fake_data_dag.py
[2025-08-08T02:53:48.769+0000] {logging_mixin.py:188} INFO - [2025-08-08T02:53:48.769+0000] {dag.py:3036} INFO - Sync 1 DAGs
[2025-08-08T02:53:48.782+0000] {logging_mixin.py:188} INFO - [2025-08-08T02:53:48.782+0000] {dag.py:3823} INFO - Setting next_dagrun for fake_data_dag to 2025-08-07 00:00:00+00:00, run_after=2025-08-08 00:00:00+00:00
[2025-08-08T02:53:48.798+0000] {processor.py:183} INFO - Processing /opt/airflow/dags/generate_fake_data_dag.py took 0.091 seconds
[2025-08-08T02:54:18.863+0000] {processor.py:161} INFO - Started process (PID=206) to work on /opt/airflow/dags/generate_fake_data_dag.py
[2025-08-08T02:54:18.868+0000] {processor.py:830} INFO - Processing file /opt/airflow/dags/generate_fake_data_dag.py for tasks to queue
[2025-08-08T02:54:18.870+0000] {logging_mixin.py:188} INFO - [2025-08-08T02:54:18.869+0000] {dagbag.py:538} INFO - Filling up the DagBag from /opt/airflow/dags/generate_fake_data_dag.py
[2025-08-08T02:54:18.909+0000] {processor.py:840} INFO - DAG(s) 'fake_data_dag' retrieved from /opt/airflow/dags/generate_fake_data_dag.py
[2025-08-08T02:54:18.925+0000] {logging_mixin.py:188} INFO - [2025-08-08T02:54:18.925+0000] {dag.py:3036} INFO - Sync 1 DAGs
[2025-08-08T02:54:18.938+0000] {logging_mixin.py:188} INFO - [2025-08-08T02:54:18.938+0000] {dag.py:3823} INFO - Setting next_dagrun for fake_data_dag to 2025-08-08 00:00:00+00:00, run_after=2025-08-09 00:00:00+00:00
[2025-08-08T02:54:18.952+0000] {processor.py:183} INFO - Processing /opt/airflow/dags/generate_fake_data_dag.py took 0.091 seconds
[2025-08-08T02:54:49.038+0000] {processor.py:161} INFO - Started process (PID=211) to work on /opt/airflow/dags/generate_fake_data_dag.py
[2025-08-08T02:54:49.046+0000] {processor.py:830} INFO - Processing file /opt/airflow/dags/generate_fake_data_dag.py for tasks to queue
[2025-08-08T02:54:49.048+0000] {logging_mixin.py:188} INFO - [2025-08-08T02:54:49.047+0000] {dagbag.py:538} INFO - Filling up the DagBag from /opt/airflow/dags/generate_fake_data_dag.py
[2025-08-08T02:54:49.087+0000] {processor.py:840} INFO - DAG(s) 'fake_data_dag' retrieved from /opt/airflow/dags/generate_fake_data_dag.py
[2025-08-08T02:54:49.103+0000] {logging_mixin.py:188} INFO - [2025-08-08T02:54:49.103+0000] {dag.py:3036} INFO - Sync 1 DAGs
[2025-08-08T02:54:49.115+0000] {logging_mixin.py:188} INFO - [2025-08-08T02:54:49.115+0000] {dag.py:3823} INFO - Setting next_dagrun for fake_data_dag to 2025-08-08 00:00:00+00:00, run_after=2025-08-09 00:00:00+00:00
[2025-08-08T02:54:49.137+0000] {processor.py:183} INFO - Processing /opt/airflow/dags/generate_fake_data_dag.py took 0.101 seconds
[2025-08-08T02:55:19.214+0000] {processor.py:161} INFO - Started process (PID=216) to work on /opt/airflow/dags/generate_fake_data_dag.py
[2025-08-08T02:55:19.219+0000] {processor.py:830} INFO - Processing file /opt/airflow/dags/generate_fake_data_dag.py for tasks to queue
[2025-08-08T02:55:19.219+0000] {logging_mixin.py:188} INFO - [2025-08-08T02:55:19.219+0000] {dagbag.py:538} INFO - Filling up the DagBag from /opt/airflow/dags/generate_fake_data_dag.py
[2025-08-08T02:55:19.273+0000] {processor.py:840} INFO - DAG(s) 'fake_data_dag' retrieved from /opt/airflow/dags/generate_fake_data_dag.py
[2025-08-08T02:55:19.288+0000] {logging_mixin.py:188} INFO - [2025-08-08T02:55:19.288+0000] {dag.py:3036} INFO - Sync 1 DAGs
[2025-08-08T02:55:19.301+0000] {logging_mixin.py:188} INFO - [2025-08-08T02:55:19.301+0000] {dag.py:3823} INFO - Setting next_dagrun for fake_data_dag to 2025-08-08 00:00:00+00:00, run_after=2025-08-09 00:00:00+00:00
[2025-08-08T02:55:19.314+0000] {processor.py:183} INFO - Processing /opt/airflow/dags/generate_fake_data_dag.py took 0.101 seconds
[2025-08-08T02:55:49.398+0000] {processor.py:161} INFO - Started process (PID=223) to work on /opt/airflow/dags/generate_fake_data_dag.py
[2025-08-08T02:55:49.405+0000] {processor.py:830} INFO - Processing file /opt/airflow/dags/generate_fake_data_dag.py for tasks to queue
[2025-08-08T02:55:49.405+0000] {logging_mixin.py:188} INFO - [2025-08-08T02:55:49.405+0000] {dagbag.py:538} INFO - Filling up the DagBag from /opt/airflow/dags/generate_fake_data_dag.py
[2025-08-08T02:55:49.443+0000] {processor.py:840} INFO - DAG(s) 'fake_data_dag' retrieved from /opt/airflow/dags/generate_fake_data_dag.py
[2025-08-08T02:55:49.459+0000] {logging_mixin.py:188} INFO - [2025-08-08T02:55:49.459+0000] {dag.py:3036} INFO - Sync 1 DAGs
[2025-08-08T02:55:49.472+0000] {logging_mixin.py:188} INFO - [2025-08-08T02:55:49.472+0000] {dag.py:3823} INFO - Setting next_dagrun for fake_data_dag to 2025-08-08 00:00:00+00:00, run_after=2025-08-09 00:00:00+00:00
[2025-08-08T02:55:49.489+0000] {processor.py:183} INFO - Processing /opt/airflow/dags/generate_fake_data_dag.py took 0.093 seconds
[2025-08-08T02:56:19.645+0000] {processor.py:161} INFO - Started process (PID=228) to work on /opt/airflow/dags/generate_fake_data_dag.py
[2025-08-08T02:56:19.649+0000] {processor.py:830} INFO - Processing file /opt/airflow/dags/generate_fake_data_dag.py for tasks to queue
[2025-08-08T02:56:19.649+0000] {logging_mixin.py:188} INFO - [2025-08-08T02:56:19.649+0000] {dagbag.py:538} INFO - Filling up the DagBag from /opt/airflow/dags/generate_fake_data_dag.py
[2025-08-08T02:56:19.689+0000] {processor.py:840} INFO - DAG(s) 'fake_data_dag' retrieved from /opt/airflow/dags/generate_fake_data_dag.py
[2025-08-08T02:56:19.704+0000] {logging_mixin.py:188} INFO - [2025-08-08T02:56:19.703+0000] {dag.py:3036} INFO - Sync 1 DAGs
[2025-08-08T02:56:19.717+0000] {logging_mixin.py:188} INFO - [2025-08-08T02:56:19.717+0000] {dag.py:3823} INFO - Setting next_dagrun for fake_data_dag to 2025-08-08 00:00:00+00:00, run_after=2025-08-09 00:00:00+00:00
[2025-08-08T02:56:19.732+0000] {processor.py:183} INFO - Processing /opt/airflow/dags/generate_fake_data_dag.py took 0.089 seconds
[2025-08-08T02:56:49.845+0000] {processor.py:161} INFO - Started process (PID=233) to work on /opt/airflow/dags/generate_fake_data_dag.py
[2025-08-08T02:56:49.853+0000] {processor.py:830} INFO - Processing file /opt/airflow/dags/generate_fake_data_dag.py for tasks to queue
[2025-08-08T02:56:49.855+0000] {logging_mixin.py:188} INFO - [2025-08-08T02:56:49.854+0000] {dagbag.py:538} INFO - Filling up the DagBag from /opt/airflow/dags/generate_fake_data_dag.py
[2025-08-08T02:56:49.896+0000] {processor.py:840} INFO - DAG(s) 'fake_data_dag' retrieved from /opt/airflow/dags/generate_fake_data_dag.py
[2025-08-08T02:56:49.911+0000] {logging_mixin.py:188} INFO - [2025-08-08T02:56:49.911+0000] {dag.py:3036} INFO - Sync 1 DAGs
[2025-08-08T02:56:49.925+0000] {logging_mixin.py:188} INFO - [2025-08-08T02:56:49.925+0000] {dag.py:3823} INFO - Setting next_dagrun for fake_data_dag to 2025-08-08 00:00:00+00:00, run_after=2025-08-09 00:00:00+00:00
[2025-08-08T02:56:49.941+0000] {processor.py:183} INFO - Processing /opt/airflow/dags/generate_fake_data_dag.py took 0.097 seconds
[2025-08-08T02:57:20.056+0000] {processor.py:161} INFO - Started process (PID=238) to work on /opt/airflow/dags/generate_fake_data_dag.py
[2025-08-08T02:57:20.062+0000] {processor.py:830} INFO - Processing file /opt/airflow/dags/generate_fake_data_dag.py for tasks to queue
[2025-08-08T02:57:20.062+0000] {logging_mixin.py:188} INFO - [2025-08-08T02:57:20.062+0000] {dagbag.py:538} INFO - Filling up the DagBag from /opt/airflow/dags/generate_fake_data_dag.py
[2025-08-08T02:57:20.100+0000] {processor.py:840} INFO - DAG(s) 'fake_data_dag' retrieved from /opt/airflow/dags/generate_fake_data_dag.py
[2025-08-08T02:57:20.116+0000] {logging_mixin.py:188} INFO - [2025-08-08T02:57:20.116+0000] {dag.py:3036} INFO - Sync 1 DAGs
[2025-08-08T02:57:20.129+0000] {logging_mixin.py:188} INFO - [2025-08-08T02:57:20.129+0000] {dag.py:3823} INFO - Setting next_dagrun for fake_data_dag to 2025-08-08 00:00:00+00:00, run_after=2025-08-09 00:00:00+00:00
[2025-08-08T02:57:20.145+0000] {processor.py:183} INFO - Processing /opt/airflow/dags/generate_fake_data_dag.py took 0.090 seconds
[2025-08-08T02:57:50.242+0000] {processor.py:161} INFO - Started process (PID=243) to work on /opt/airflow/dags/generate_fake_data_dag.py
[2025-08-08T02:57:50.249+0000] {processor.py:830} INFO - Processing file /opt/airflow/dags/generate_fake_data_dag.py for tasks to queue
[2025-08-08T02:57:50.249+0000] {logging_mixin.py:188} INFO - [2025-08-08T02:57:50.249+0000] {dagbag.py:538} INFO - Filling up the DagBag from /opt/airflow/dags/generate_fake_data_dag.py
[2025-08-08T02:57:50.289+0000] {processor.py:840} INFO - DAG(s) 'fake_data_dag' retrieved from /opt/airflow/dags/generate_fake_data_dag.py
[2025-08-08T02:57:50.305+0000] {logging_mixin.py:188} INFO - [2025-08-08T02:57:50.305+0000] {dag.py:3036} INFO - Sync 1 DAGs
[2025-08-08T02:57:50.319+0000] {logging_mixin.py:188} INFO - [2025-08-08T02:57:50.319+0000] {dag.py:3823} INFO - Setting next_dagrun for fake_data_dag to 2025-08-08 00:00:00+00:00, run_after=2025-08-09 00:00:00+00:00
[2025-08-08T02:57:50.335+0000] {processor.py:183} INFO - Processing /opt/airflow/dags/generate_fake_data_dag.py took 0.094 seconds
[2025-08-08T02:58:20.430+0000] {processor.py:161} INFO - Started process (PID=248) to work on /opt/airflow/dags/generate_fake_data_dag.py
[2025-08-08T02:58:20.437+0000] {processor.py:830} INFO - Processing file /opt/airflow/dags/generate_fake_data_dag.py for tasks to queue
[2025-08-08T02:58:20.440+0000] {logging_mixin.py:188} INFO - [2025-08-08T02:58:20.439+0000] {dagbag.py:538} INFO - Filling up the DagBag from /opt/airflow/dags/generate_fake_data_dag.py
[2025-08-08T02:58:20.482+0000] {processor.py:840} INFO - DAG(s) 'fake_data_dag' retrieved from /opt/airflow/dags/generate_fake_data_dag.py
[2025-08-08T02:58:20.497+0000] {logging_mixin.py:188} INFO - [2025-08-08T02:58:20.497+0000] {dag.py:3036} INFO - Sync 1 DAGs
[2025-08-08T02:58:20.511+0000] {logging_mixin.py:188} INFO - [2025-08-08T02:58:20.511+0000] {dag.py:3823} INFO - Setting next_dagrun for fake_data_dag to 2025-08-08 00:00:00+00:00, run_after=2025-08-09 00:00:00+00:00
[2025-08-08T02:58:20.529+0000] {processor.py:183} INFO - Processing /opt/airflow/dags/generate_fake_data_dag.py took 0.100 seconds
[2025-08-08T02:58:50.577+0000] {processor.py:161} INFO - Started process (PID=253) to work on /opt/airflow/dags/generate_fake_data_dag.py
[2025-08-08T02:58:50.584+0000] {processor.py:830} INFO - Processing file /opt/airflow/dags/generate_fake_data_dag.py for tasks to queue
[2025-08-08T02:58:50.584+0000] {logging_mixin.py:188} INFO - [2025-08-08T02:58:50.584+0000] {dagbag.py:538} INFO - Filling up the DagBag from /opt/airflow/dags/generate_fake_data_dag.py
[2025-08-08T02:58:50.623+0000] {processor.py:840} INFO - DAG(s) 'fake_data_dag' retrieved from /opt/airflow/dags/generate_fake_data_dag.py
[2025-08-08T02:58:50.638+0000] {logging_mixin.py:188} INFO - [2025-08-08T02:58:50.637+0000] {dag.py:3036} INFO - Sync 1 DAGs
[2025-08-08T02:58:50.650+0000] {logging_mixin.py:188} INFO - [2025-08-08T02:58:50.650+0000] {dag.py:3823} INFO - Setting next_dagrun for fake_data_dag to 2025-08-08 00:00:00+00:00, run_after=2025-08-09 00:00:00+00:00
[2025-08-08T02:58:50.667+0000] {processor.py:183} INFO - Processing /opt/airflow/dags/generate_fake_data_dag.py took 0.093 seconds
[2025-08-08T02:59:20.792+0000] {processor.py:161} INFO - Started process (PID=258) to work on /opt/airflow/dags/generate_fake_data_dag.py
[2025-08-08T02:59:20.798+0000] {processor.py:830} INFO - Processing file /opt/airflow/dags/generate_fake_data_dag.py for tasks to queue
[2025-08-08T02:59:20.798+0000] {logging_mixin.py:188} INFO - [2025-08-08T02:59:20.798+0000] {dagbag.py:538} INFO - Filling up the DagBag from /opt/airflow/dags/generate_fake_data_dag.py
[2025-08-08T02:59:20.836+0000] {processor.py:840} INFO - DAG(s) 'fake_data_dag' retrieved from /opt/airflow/dags/generate_fake_data_dag.py
[2025-08-08T02:59:20.851+0000] {logging_mixin.py:188} INFO - [2025-08-08T02:59:20.851+0000] {dag.py:3036} INFO - Sync 1 DAGs
[2025-08-08T02:59:20.865+0000] {logging_mixin.py:188} INFO - [2025-08-08T02:59:20.865+0000] {dag.py:3823} INFO - Setting next_dagrun for fake_data_dag to 2025-08-08 00:00:00+00:00, run_after=2025-08-09 00:00:00+00:00
[2025-08-08T02:59:20.879+0000] {processor.py:183} INFO - Processing /opt/airflow/dags/generate_fake_data_dag.py took 0.089 seconds
[2025-08-08T02:59:50.955+0000] {processor.py:161} INFO - Started process (PID=263) to work on /opt/airflow/dags/generate_fake_data_dag.py
[2025-08-08T02:59:50.956+0000] {processor.py:830} INFO - Processing file /opt/airflow/dags/generate_fake_data_dag.py for tasks to queue
[2025-08-08T02:59:50.956+0000] {logging_mixin.py:188} INFO - [2025-08-08T02:59:50.956+0000] {dagbag.py:538} INFO - Filling up the DagBag from /opt/airflow/dags/generate_fake_data_dag.py
[2025-08-08T02:59:50.993+0000] {processor.py:840} INFO - DAG(s) 'fake_data_dag' retrieved from /opt/airflow/dags/generate_fake_data_dag.py
[2025-08-08T02:59:51.008+0000] {logging_mixin.py:188} INFO - [2025-08-08T02:59:51.008+0000] {dag.py:3036} INFO - Sync 1 DAGs
[2025-08-08T02:59:51.021+0000] {logging_mixin.py:188} INFO - [2025-08-08T02:59:51.021+0000] {dag.py:3823} INFO - Setting next_dagrun for fake_data_dag to 2025-08-08 00:00:00+00:00, run_after=2025-08-09 00:00:00+00:00
[2025-08-08T02:59:51.056+0000] {processor.py:183} INFO - Processing /opt/airflow/dags/generate_fake_data_dag.py took 0.102 seconds
[2025-08-08T03:00:21.171+0000] {processor.py:161} INFO - Started process (PID=268) to work on /opt/airflow/dags/generate_fake_data_dag.py
[2025-08-08T03:00:21.171+0000] {processor.py:830} INFO - Processing file /opt/airflow/dags/generate_fake_data_dag.py for tasks to queue
[2025-08-08T03:00:21.172+0000] {logging_mixin.py:188} INFO - [2025-08-08T03:00:21.171+0000] {dagbag.py:538} INFO - Filling up the DagBag from /opt/airflow/dags/generate_fake_data_dag.py
[2025-08-08T03:00:21.210+0000] {processor.py:840} INFO - DAG(s) 'fake_data_dag' retrieved from /opt/airflow/dags/generate_fake_data_dag.py
[2025-08-08T03:00:21.226+0000] {logging_mixin.py:188} INFO - [2025-08-08T03:00:21.226+0000] {dag.py:3036} INFO - Sync 1 DAGs
[2025-08-08T03:00:21.239+0000] {logging_mixin.py:188} INFO - [2025-08-08T03:00:21.239+0000] {dag.py:3823} INFO - Setting next_dagrun for fake_data_dag to 2025-08-08 00:00:00+00:00, run_after=2025-08-09 00:00:00+00:00
[2025-08-08T03:00:21.249+0000] {processor.py:183} INFO - Processing /opt/airflow/dags/generate_fake_data_dag.py took 0.080 seconds
[2025-08-08T03:00:51.359+0000] {processor.py:161} INFO - Started process (PID=273) to work on /opt/airflow/dags/generate_fake_data_dag.py
[2025-08-08T03:00:51.360+0000] {processor.py:830} INFO - Processing file /opt/airflow/dags/generate_fake_data_dag.py for tasks to queue
[2025-08-08T03:00:51.360+0000] {logging_mixin.py:188} INFO - [2025-08-08T03:00:51.360+0000] {dagbag.py:538} INFO - Filling up the DagBag from /opt/airflow/dags/generate_fake_data_dag.py
[2025-08-08T03:00:51.399+0000] {processor.py:840} INFO - DAG(s) 'fake_data_dag' retrieved from /opt/airflow/dags/generate_fake_data_dag.py
[2025-08-08T03:00:51.414+0000] {logging_mixin.py:188} INFO - [2025-08-08T03:00:51.414+0000] {dag.py:3036} INFO - Sync 1 DAGs
[2025-08-08T03:00:51.427+0000] {logging_mixin.py:188} INFO - [2025-08-08T03:00:51.427+0000] {dag.py:3823} INFO - Setting next_dagrun for fake_data_dag to 2025-08-08 00:00:00+00:00, run_after=2025-08-09 00:00:00+00:00
[2025-08-08T03:00:51.437+0000] {processor.py:183} INFO - Processing /opt/airflow/dags/generate_fake_data_dag.py took 0.080 seconds
[2025-08-08T03:01:21.590+0000] {processor.py:161} INFO - Started process (PID=278) to work on /opt/airflow/dags/generate_fake_data_dag.py
[2025-08-08T03:01:21.591+0000] {processor.py:830} INFO - Processing file /opt/airflow/dags/generate_fake_data_dag.py for tasks to queue
[2025-08-08T03:01:21.591+0000] {logging_mixin.py:188} INFO - [2025-08-08T03:01:21.591+0000] {dagbag.py:538} INFO - Filling up the DagBag from /opt/airflow/dags/generate_fake_data_dag.py
[2025-08-08T03:01:21.630+0000] {processor.py:840} INFO - DAG(s) 'fake_data_dag' retrieved from /opt/airflow/dags/generate_fake_data_dag.py
[2025-08-08T03:01:21.645+0000] {logging_mixin.py:188} INFO - [2025-08-08T03:01:21.645+0000] {dag.py:3036} INFO - Sync 1 DAGs
[2025-08-08T03:01:21.658+0000] {logging_mixin.py:188} INFO - [2025-08-08T03:01:21.658+0000] {dag.py:3823} INFO - Setting next_dagrun for fake_data_dag to 2025-08-08 00:00:00+00:00, run_after=2025-08-09 00:00:00+00:00
[2025-08-08T03:01:21.687+0000] {processor.py:183} INFO - Processing /opt/airflow/dags/generate_fake_data_dag.py took 0.098 seconds
[2025-08-08T03:01:51.778+0000] {processor.py:161} INFO - Started process (PID=283) to work on /opt/airflow/dags/generate_fake_data_dag.py
[2025-08-08T03:01:51.779+0000] {processor.py:830} INFO - Processing file /opt/airflow/dags/generate_fake_data_dag.py for tasks to queue
[2025-08-08T03:01:51.779+0000] {logging_mixin.py:188} INFO - [2025-08-08T03:01:51.779+0000] {dagbag.py:538} INFO - Filling up the DagBag from /opt/airflow/dags/generate_fake_data_dag.py
[2025-08-08T03:01:51.817+0000] {processor.py:840} INFO - DAG(s) 'fake_data_dag' retrieved from /opt/airflow/dags/generate_fake_data_dag.py
[2025-08-08T03:01:51.832+0000] {logging_mixin.py:188} INFO - [2025-08-08T03:01:51.832+0000] {dag.py:3036} INFO - Sync 1 DAGs
[2025-08-08T03:01:51.846+0000] {logging_mixin.py:188} INFO - [2025-08-08T03:01:51.845+0000] {dag.py:3823} INFO - Setting next_dagrun for fake_data_dag to 2025-08-08 00:00:00+00:00, run_after=2025-08-09 00:00:00+00:00
[2025-08-08T03:01:51.860+0000] {processor.py:183} INFO - Processing /opt/airflow/dags/generate_fake_data_dag.py took 0.084 seconds
[2025-08-08T03:02:22.026+0000] {processor.py:161} INFO - Started process (PID=288) to work on /opt/airflow/dags/generate_fake_data_dag.py
[2025-08-08T03:02:22.027+0000] {processor.py:830} INFO - Processing file /opt/airflow/dags/generate_fake_data_dag.py for tasks to queue
[2025-08-08T03:02:22.027+0000] {logging_mixin.py:188} INFO - [2025-08-08T03:02:22.027+0000] {dagbag.py:538} INFO - Filling up the DagBag from /opt/airflow/dags/generate_fake_data_dag.py
[2025-08-08T03:02:22.066+0000] {processor.py:840} INFO - DAG(s) 'fake_data_dag' retrieved from /opt/airflow/dags/generate_fake_data_dag.py
[2025-08-08T03:02:22.082+0000] {logging_mixin.py:188} INFO - [2025-08-08T03:02:22.082+0000] {dag.py:3036} INFO - Sync 1 DAGs
[2025-08-08T03:02:22.095+0000] {logging_mixin.py:188} INFO - [2025-08-08T03:02:22.095+0000] {dag.py:3823} INFO - Setting next_dagrun for fake_data_dag to 2025-08-08 00:00:00+00:00, run_after=2025-08-09 00:00:00+00:00
[2025-08-08T03:02:22.105+0000] {processor.py:183} INFO - Processing /opt/airflow/dags/generate_fake_data_dag.py took 0.080 seconds
[2025-08-08T03:02:52.175+0000] {processor.py:161} INFO - Started process (PID=293) to work on /opt/airflow/dags/generate_fake_data_dag.py
[2025-08-08T03:02:52.175+0000] {processor.py:830} INFO - Processing file /opt/airflow/dags/generate_fake_data_dag.py for tasks to queue
[2025-08-08T03:02:52.176+0000] {logging_mixin.py:188} INFO - [2025-08-08T03:02:52.175+0000] {dagbag.py:538} INFO - Filling up the DagBag from /opt/airflow/dags/generate_fake_data_dag.py
[2025-08-08T03:02:52.213+0000] {processor.py:840} INFO - DAG(s) 'fake_data_dag' retrieved from /opt/airflow/dags/generate_fake_data_dag.py
[2025-08-08T03:02:52.229+0000] {logging_mixin.py:188} INFO - [2025-08-08T03:02:52.229+0000] {dag.py:3036} INFO - Sync 1 DAGs
[2025-08-08T03:02:52.242+0000] {logging_mixin.py:188} INFO - [2025-08-08T03:02:52.242+0000] {dag.py:3823} INFO - Setting next_dagrun for fake_data_dag to 2025-08-08 00:00:00+00:00, run_after=2025-08-09 00:00:00+00:00
[2025-08-08T03:02:52.252+0000] {processor.py:183} INFO - Processing /opt/airflow/dags/generate_fake_data_dag.py took 0.079 seconds
[2025-08-08T03:03:22.367+0000] {processor.py:161} INFO - Started process (PID=298) to work on /opt/airflow/dags/generate_fake_data_dag.py
[2025-08-08T03:03:22.367+0000] {processor.py:830} INFO - Processing file /opt/airflow/dags/generate_fake_data_dag.py for tasks to queue
[2025-08-08T03:03:22.368+0000] {logging_mixin.py:188} INFO - [2025-08-08T03:03:22.368+0000] {dagbag.py:538} INFO - Filling up the DagBag from /opt/airflow/dags/generate_fake_data_dag.py
[2025-08-08T03:03:22.408+0000] {processor.py:840} INFO - DAG(s) 'fake_data_dag' retrieved from /opt/airflow/dags/generate_fake_data_dag.py
[2025-08-08T03:03:22.425+0000] {logging_mixin.py:188} INFO - [2025-08-08T03:03:22.425+0000] {dag.py:3036} INFO - Sync 1 DAGs
[2025-08-08T03:03:22.438+0000] {logging_mixin.py:188} INFO - [2025-08-08T03:03:22.438+0000] {dag.py:3823} INFO - Setting next_dagrun for fake_data_dag to 2025-08-08 00:00:00+00:00, run_after=2025-08-09 00:00:00+00:00
[2025-08-08T03:03:22.448+0000] {processor.py:183} INFO - Processing /opt/airflow/dags/generate_fake_data_dag.py took 0.083 seconds
[2025-08-08T03:03:52.521+0000] {processor.py:161} INFO - Started process (PID=303) to work on /opt/airflow/dags/generate_fake_data_dag.py
[2025-08-08T03:03:52.526+0000] {processor.py:830} INFO - Processing file /opt/airflow/dags/generate_fake_data_dag.py for tasks to queue
[2025-08-08T03:03:52.526+0000] {logging_mixin.py:188} INFO - [2025-08-08T03:03:52.526+0000] {dagbag.py:538} INFO - Filling up the DagBag from /opt/airflow/dags/generate_fake_data_dag.py
[2025-08-08T03:03:52.566+0000] {processor.py:840} INFO - DAG(s) 'fake_data_dag' retrieved from /opt/airflow/dags/generate_fake_data_dag.py
[2025-08-08T03:03:52.582+0000] {logging_mixin.py:188} INFO - [2025-08-08T03:03:52.581+0000] {dag.py:3036} INFO - Sync 1 DAGs
[2025-08-08T03:03:52.596+0000] {logging_mixin.py:188} INFO - [2025-08-08T03:03:52.595+0000] {dag.py:3823} INFO - Setting next_dagrun for fake_data_dag to 2025-08-08 00:00:00+00:00, run_after=2025-08-09 00:00:00+00:00
[2025-08-08T03:03:52.606+0000] {processor.py:183} INFO - Processing /opt/airflow/dags/generate_fake_data_dag.py took 0.086 seconds
[2025-08-08T03:04:22.717+0000] {processor.py:161} INFO - Started process (PID=308) to work on /opt/airflow/dags/generate_fake_data_dag.py
[2025-08-08T03:04:22.717+0000] {processor.py:830} INFO - Processing file /opt/airflow/dags/generate_fake_data_dag.py for tasks to queue
[2025-08-08T03:04:22.718+0000] {logging_mixin.py:188} INFO - [2025-08-08T03:04:22.718+0000] {dagbag.py:538} INFO - Filling up the DagBag from /opt/airflow/dags/generate_fake_data_dag.py
[2025-08-08T03:04:22.756+0000] {processor.py:840} INFO - DAG(s) 'fake_data_dag' retrieved from /opt/airflow/dags/generate_fake_data_dag.py
[2025-08-08T03:04:22.771+0000] {logging_mixin.py:188} INFO - [2025-08-08T03:04:22.771+0000] {dag.py:3036} INFO - Sync 1 DAGs
[2025-08-08T03:04:22.784+0000] {logging_mixin.py:188} INFO - [2025-08-08T03:04:22.783+0000] {dag.py:3823} INFO - Setting next_dagrun for fake_data_dag to 2025-08-08 00:00:00+00:00, run_after=2025-08-09 00:00:00+00:00
[2025-08-08T03:04:22.801+0000] {processor.py:183} INFO - Processing /opt/airflow/dags/generate_fake_data_dag.py took 0.086 seconds
[2025-08-08T03:04:52.921+0000] {processor.py:161} INFO - Started process (PID=313) to work on /opt/airflow/dags/generate_fake_data_dag.py
[2025-08-08T03:04:52.928+0000] {processor.py:830} INFO - Processing file /opt/airflow/dags/generate_fake_data_dag.py for tasks to queue
[2025-08-08T03:04:52.928+0000] {logging_mixin.py:188} INFO - [2025-08-08T03:04:52.928+0000] {dagbag.py:538} INFO - Filling up the DagBag from /opt/airflow/dags/generate_fake_data_dag.py
[2025-08-08T03:04:52.967+0000] {processor.py:840} INFO - DAG(s) 'fake_data_dag' retrieved from /opt/airflow/dags/generate_fake_data_dag.py
[2025-08-08T03:04:52.982+0000] {logging_mixin.py:188} INFO - [2025-08-08T03:04:52.982+0000] {dag.py:3036} INFO - Sync 1 DAGs
[2025-08-08T03:04:52.996+0000] {logging_mixin.py:188} INFO - [2025-08-08T03:04:52.996+0000] {dag.py:3823} INFO - Setting next_dagrun for fake_data_dag to 2025-08-08 00:00:00+00:00, run_after=2025-08-09 00:00:00+00:00
[2025-08-08T03:04:53.006+0000] {processor.py:183} INFO - Processing /opt/airflow/dags/generate_fake_data_dag.py took 0.086 seconds
[2025-08-08T03:05:23.149+0000] {processor.py:161} INFO - Started process (PID=318) to work on /opt/airflow/dags/generate_fake_data_dag.py
[2025-08-08T03:05:23.150+0000] {processor.py:830} INFO - Processing file /opt/airflow/dags/generate_fake_data_dag.py for tasks to queue
[2025-08-08T03:05:23.152+0000] {logging_mixin.py:188} INFO - [2025-08-08T03:05:23.151+0000] {dagbag.py:538} INFO - Filling up the DagBag from /opt/airflow/dags/generate_fake_data_dag.py
[2025-08-08T03:05:23.212+0000] {processor.py:840} INFO - DAG(s) 'fake_data_dag' retrieved from /opt/airflow/dags/generate_fake_data_dag.py
[2025-08-08T03:05:23.228+0000] {logging_mixin.py:188} INFO - [2025-08-08T03:05:23.228+0000] {dag.py:3036} INFO - Sync 1 DAGs
[2025-08-08T03:05:23.242+0000] {logging_mixin.py:188} INFO - [2025-08-08T03:05:23.242+0000] {dag.py:3823} INFO - Setting next_dagrun for fake_data_dag to 2025-08-08 00:00:00+00:00, run_after=2025-08-09 00:00:00+00:00
[2025-08-08T03:05:23.264+0000] {processor.py:183} INFO - Processing /opt/airflow/dags/generate_fake_data_dag.py took 0.123 seconds
